Using pre-set license
Built from '2020.3/staging' branch; Version is '2020.3.10f1 (297d780c91bc) revision 2719096'; Using compiler version '192528614'; Build Type 'Release'
OS: 'Windows 10 Pro; OS build 19042.746; Version 2009; 64bit' Language: 'ru' Physical Memory: 15789 MB
BatchMode: 1, IsHumanControllingUs: 0, StartBugReporterOnCrash: 0, Is64bit: 1, IsPro: 0

 COMMAND LINE ARGUMENTS:
C:\Program Files\Unity\Hub\Editor\2020.3.10f1\Editor\Unity.exe
-adb2
-batchMode
-noUpm
-name
AssetImportWorker0
-projectPath
D:/Unity Projects/Perfect Stop
-logFile
Logs/AssetImportWorker0.log
-srvPort
53496
Successfully changed project path to: D:/Unity Projects/Perfect Stop
D:/Unity Projects/Perfect Stop
Using Asset Import Pipeline V2.
Refreshing native plugins compatible for Editor in 50.91 ms, found 2 plugins.
Preloading 0 native plugins for Editor in 0.00 ms.
Initialize engine version: 2020.3.10f1 (297d780c91bc)
[Subsystems] Discovering subsystems at path C:/Program Files/Unity/Hub/Editor/2020.3.10f1/Editor/Data/Resources/UnitySubsystems
[Subsystems] Discovering subsystems at path D:/Unity Projects/Perfect Stop/Assets
GfxDevice: creating device client; threaded=0
Direct3D:
    Version:  Direct3D 11.0 [level 11.1]
    Renderer: NVIDIA GeForce RTX 2060 (ID=0x1f15)
    Vendor:   
    VRAM:     5980 MB
    Driver:   27.21.14.5167
Initialize mono
Mono path[0] = 'C:/Program Files/Unity/Hub/Editor/2020.3.10f1/Editor/Data/Managed'
Mono path[1] = 'C:/Program Files/Unity/Hub/Editor/2020.3.10f1/Editor/Data/MonoBleedingEdge/lib/mono/unityjit'
Mono config path = 'C:/Program Files/Unity/Hub/Editor/2020.3.10f1/Editor/Data/MonoBleedingEdge/etc'
Using monoOptions --debugger-agent=transport=dt_socket,embedding=1,server=y,suspend=n,address=127.0.0.1:56024
Begin MonoManager ReloadAssembly
Registering precompiled unity dll's ...
Register platform support module: C:/Program Files/Unity/Hub/Editor/2020.3.10f1/Editor/Data/PlaybackEngines/WebGLSupport/UnityEditor.WebGL.Extensions.dll
Register platform support module: C:/Program Files/Unity/Hub/Editor/2020.3.10f1/Editor/Data/PlaybackEngines/WindowsStandaloneSupport/UnityEditor.WindowsStandalone.Extensions.dll
Registered in 0.001609 seconds.
Native extension for WindowsStandalone target not found
Native extension for WebGL target not found
Refreshing native plugins compatible for Editor in 48.25 ms, found 2 plugins.
Preloading 0 native plugins for Editor in 0.00 ms.
Mono: successfully reloaded assembly
- Completed reload, in  2.758 seconds
Platform modules already initialized, skipping
Registering precompiled user dll's ...
Registered in 0.003391 seconds.
Begin MonoManager ReloadAssembly
Native extension for WindowsStandalone target not found
Native extension for WebGL target not found
Refreshing native plugins compatible for Editor in 0.51 ms, found 2 plugins.
Preloading 0 native plugins for Editor in 0.00 ms.
Mono: successfully reloaded assembly
- Completed reload, in  1.711 seconds
Platform modules already initialized, skipping
========================================================================
Worker process is ready to serve import requests
Launched and connected shader compiler UnityShaderCompiler.exe after 0.05 seconds
Refreshing native plugins compatible for Editor in 0.48 ms, found 2 plugins.
Preloading 0 native plugins for Editor in 0.00 ms.
Unloading 1530 Unused Serialized files (Serialized files now loaded: 0)
System memory in use before: 75.4 MB.
System memory in use after: 75.5 MB.

Unloading 20 unused Assets to reduce memory usage. Loaded Objects now: 1968.
Total: 2.453600 ms (FindLiveObjects: 0.194900 ms CreateObjectMapping: 0.051000 ms MarkObjects: 2.105400 ms  DeleteObjects: 0.100500 ms)

========================================================================
Received Import Request.
  path: Assets/Scripts/Shop
  artifactKey: Guid(ffe1860da80ddbc4d98bee2c836327ef) Importer(815301076,1909f56bfc062723c751e8b465ee728b)
Start importing Assets/Scripts/Shop using Guid(ffe1860da80ddbc4d98bee2c836327ef) Importer(815301076,1909f56bfc062723c751e8b465ee728b)  -> (artifact id: 'fc6e04b6d431926e2b96881f318cb657') in 0.014484 seconds
  Import took 0.018783 seconds .

========================================================================
Received Import Request.
  Time since last request: 6.513070 seconds.
  path: Assets/Scripts/Shop/BuyCarCoins.cs
  artifactKey: Guid(c77a0b70db45ae544b60c96d498f546d) Importer(815301076,1909f56bfc062723c751e8b465ee728b)
Start importing Assets/Scripts/Shop/BuyCarCoins.cs using Guid(c77a0b70db45ae544b60c96d498f546d) Importer(815301076,1909f56bfc062723c751e8b465ee728b)  -> (artifact id: 'd09d76b1b59bb10c61c90962c23b5615') in 0.097146 seconds
  Import took 0.102109 seconds .

========================================================================
Received Import Request.
  Time since last request: 42.591448 seconds.
  path: Assets/Scripts/Shop/BuyCarCoins.cs
  artifactKey: Guid(c77a0b70db45ae544b60c96d498f546d) Importer(815301076,1909f56bfc062723c751e8b465ee728b)
Start importing Assets/Scripts/Shop/BuyCarCoins.cs using Guid(c77a0b70db45ae544b60c96d498f546d) Importer(815301076,1909f56bfc062723c751e8b465ee728b)  -> (artifact id: 'aa10b74d647d12e238e3b444bc3fc75a') in 0.002739 seconds
  Import took 0.008096 seconds .

========================================================================
Received Import Request.
  Time since last request: 0.001034 seconds.
  path: Assets/Scripts/Shop/BuyCarCoins.cs
  artifactKey: Guid(c77a0b70db45ae544b60c96d498f546d) Importer(815301076,1909f56bfc062723c751e8b465ee728b)
Start importing Assets/Scripts/Shop/BuyCarCoins.cs using Guid(c77a0b70db45ae544b60c96d498f546d) Importer(815301076,1909f56bfc062723c751e8b465ee728b)  -> (artifact id: 'aa10b74d647d12e238e3b444bc3fc75a') in 0.003172 seconds
  Import took 0.008812 seconds .

========================================================================
Received Import Request.
  Time since last request: 25.418111 seconds.
  path: Assets/Scripts/Shop/BuyCarCoins.cs
  artifactKey: Guid(c77a0b70db45ae544b60c96d498f546d) Importer(815301076,1909f56bfc062723c751e8b465ee728b)
Start importing Assets/Scripts/Shop/BuyCarCoins.cs using Guid(c77a0b70db45ae544b60c96d498f546d) Importer(815301076,1909f56bfc062723c751e8b465ee728b)  -> (artifact id: '5337d2a4b3455aa388a7cba6bf65c2b0') in 0.003517 seconds
  Import took 0.009592 seconds .

========================================================================
Received Import Request.
  Time since last request: 0.003283 seconds.
  path: Assets/Scripts/Shop/BuyCarCoins.cs
  artifactKey: Guid(c77a0b70db45ae544b60c96d498f546d) Importer(815301076,1909f56bfc062723c751e8b465ee728b)
Start importing Assets/Scripts/Shop/BuyCarCoins.cs using Guid(c77a0b70db45ae544b60c96d498f546d) Importer(815301076,1909f56bfc062723c751e8b465ee728b)  -> (artifact id: '5337d2a4b3455aa388a7cba6bf65c2b0') in 0.006163 seconds
  Import took 0.014114 seconds .

========================================================================
Received Import Request.
  Time since last request: 7.741870 seconds.
  path: Assets/Scripts/Shop/BuyCarCoins.cs
  artifactKey: Guid(c77a0b70db45ae544b60c96d498f546d) Importer(815301076,1909f56bfc062723c751e8b465ee728b)
Start importing Assets/Scripts/Shop/BuyCarCoins.cs using Guid(c77a0b70db45ae544b60c96d498f546d) Importer(815301076,1909f56bfc062723c751e8b465ee728b)  -> (artifact id: '48ccdee7adf4ea7d2bb789b53298d287') in 0.006173 seconds
  Import took 0.012035 seconds .

========================================================================
Received Import Request.
  Time since last request: 36.419020 seconds.
  path: Assets/Scripts/Shop/BuyCarCoins.cs
  artifactKey: Guid(c77a0b70db45ae544b60c96d498f546d) Importer(815301076,1909f56bfc062723c751e8b465ee728b)
Start importing Assets/Scripts/Shop/BuyCarCoins.cs using Guid(c77a0b70db45ae544b60c96d498f546d) Importer(815301076,1909f56bfc062723c751e8b465ee728b)  -> (artifact id: '07226a28f84da9c8d3a3d3ab0980d6ee') in 0.005849 seconds
  Import took 0.012417 seconds .

========================================================================
Received Import Request.
  Time since last request: 0.000816 seconds.
  path: Assets/Scripts/Shop/BuyCarCoins.cs
  artifactKey: Guid(c77a0b70db45ae544b60c96d498f546d) Importer(815301076,1909f56bfc062723c751e8b465ee728b)
Start importing Assets/Scripts/Shop/BuyCarCoins.cs using Guid(c77a0b70db45ae544b60c96d498f546d) Importer(815301076,1909f56bfc062723c751e8b465ee728b)  -> (artifact id: '07226a28f84da9c8d3a3d3ab0980d6ee') in 0.004561 seconds
  Import took 0.015995 seconds .

========================================================================
Received Import Request.
  Time since last request: 15.622337 seconds.
  path: Assets/Scripts/Shop/BuyCarCoins.cs
  artifactKey: Guid(c77a0b70db45ae544b60c96d498f546d) Importer(815301076,1909f56bfc062723c751e8b465ee728b)
Start importing Assets/Scripts/Shop/BuyCarCoins.cs using Guid(c77a0b70db45ae544b60c96d498f546d) Importer(815301076,1909f56bfc062723c751e8b465ee728b)  -> (artifact id: '94364034f11f03769cf6d5ddbb4bcace') in 0.004439 seconds
  Import took 0.012193 seconds .

========================================================================
Received Import Request.
  Time since last request: 65.354941 seconds.
  path: Assets/Scripts/Shop/BuyCarCoins.cs
  artifactKey: Guid(c77a0b70db45ae544b60c96d498f546d) Importer(815301076,1909f56bfc062723c751e8b465ee728b)
Start importing Assets/Scripts/Shop/BuyCarCoins.cs using Guid(c77a0b70db45ae544b60c96d498f546d) Importer(815301076,1909f56bfc062723c751e8b465ee728b)  -> (artifact id: '20a041f0cdd1cd7fb32ba8dfbf12e219') in 0.003253 seconds
  Import took 0.008618 seconds .

========================================================================
Received Import Request.
  Time since last request: 0.000791 seconds.
  path: Assets/Scripts/Shop/BuyCarCoins.cs
  artifactKey: Guid(c77a0b70db45ae544b60c96d498f546d) Importer(815301076,1909f56bfc062723c751e8b465ee728b)
Start importing Assets/Scripts/Shop/BuyCarCoins.cs using Guid(c77a0b70db45ae544b60c96d498f546d) Importer(815301076,1909f56bfc062723c751e8b465ee728b)  -> (artifact id: '20a041f0cdd1cd7fb32ba8dfbf12e219') in 0.002812 seconds
  Import took 0.007067 seconds .

========================================================================
Received Import Request.
  Time since last request: 16.256725 seconds.
  path: Assets/Scripts/Shop/BuyCarCoins.cs
  artifactKey: Guid(c77a0b70db45ae544b60c96d498f546d) Importer(815301076,1909f56bfc062723c751e8b465ee728b)
Start importing Assets/Scripts/Shop/BuyCarCoins.cs using Guid(c77a0b70db45ae544b60c96d498f546d) Importer(815301076,1909f56bfc062723c751e8b465ee728b)  -> (artifact id: '183e527fcb44b86176133cffbf07916d') in 0.003789 seconds
  Import took 0.009018 seconds .

========================================================================
Received Import Request.
  Time since last request: 8.058183 seconds.
  path: Assets/Scripts/Shop/BuyCarCoins.cs
  artifactKey: Guid(c77a0b70db45ae544b60c96d498f546d) Importer(815301076,1909f56bfc062723c751e8b465ee728b)
Start importing Assets/Scripts/Shop/BuyCarCoins.cs using Guid(c77a0b70db45ae544b60c96d498f546d) Importer(815301076,1909f56bfc062723c751e8b465ee728b)  -> (artifact id: '3dbf30fbfb5536dbd2ee1e1832b7ba4a') in 0.003014 seconds
  Import took 0.009162 seconds .

========================================================================
Received Import Request.
  Time since last request: 0.001563 seconds.
  path: Assets/Scripts/Shop/BuyCarCoins.cs
  artifactKey: Guid(c77a0b70db45ae544b60c96d498f546d) Importer(815301076,1909f56bfc062723c751e8b465ee728b)
Start importing Assets/Scripts/Shop/BuyCarCoins.cs using Guid(c77a0b70db45ae544b60c96d498f546d) Importer(815301076,1909f56bfc062723c751e8b465ee728b)  -> (artifact id: '3dbf30fbfb5536dbd2ee1e1832b7ba4a') in 0.002778 seconds
  Import took 0.007727 seconds .

========================================================================
Received Prepare
Registering precompiled user dll's ...
Registered in 0.003171 seconds.
Begin MonoManager ReloadAssembly
Native extension for WindowsStandalone target not found
Native extension for WebGL target not found
Refreshing native plugins compatible for Editor in 0.48 ms, found 2 plugins.
Preloading 0 native plugins for Editor in 0.00 ms.
Mono: successfully reloaded assembly
- Completed reload, in  1.403 seconds
Platform modules already initialized, skipping
Switching build target platform(19) subTarget(0) extendedPlatform(0) -> platform(9) subTarget(16777218) extendedPlatform(0)
Refreshing native plugins compatible for Editor in 0.75 ms, found 2 plugins.
Preloading 0 native plugins for Editor in 0.00 ms.
Unloading 1500 Unused Serialized files (Serialized files now loaded: 0)
System memory in use before: 71.6 MB.
System memory in use after: 71.7 MB.

Unloading 15 unused Assets to reduce memory usage. Loaded Objects now: 1972.
Total: 4.217900 ms (FindLiveObjects: 0.293800 ms CreateObjectMapping: 0.089200 ms MarkObjects: 3.722900 ms  DeleteObjects: 0.109000 ms)

AssetImportParameters requested are different than current active one (requested -> active):
  custom:graphics/normal-map-encoding: 01000000000000000000000000000000 -> 02000000000000000000000000000000
AssetImportWorkerClient::OnTransportError - code=2 error=End of file
